<?xml version="1.0" encoding="UTF-8"?>
<testsuite name="TestExtensionFunctions" tests="2" skipped="0" failures="0" errors="0" timestamp="2023-01-30T12:19:32" hostname="iMacs-iMac.local" time="0.006">
  <properties/>
  <testcase name="testPairExtension" classname="TestExtensionFunctions" time="0.005"/>
  <testcase name="testIntExtension" classname="TestExtensionFunctions" time="0.001"/>
  <system-out><![CDATA[]]></system-out>
  <system-err><![CDATA[]]></system-err>
</testsuite>
