<?xml version="1.0" encoding="UTF-8"?>
<testsuite name="TestDataClasses" tests="2" skipped="0" failures="0" errors="0" timestamp="2023-01-30T11:18:24" hostname="iMacs-iMac.local" time="0.017">
  <properties/>
  <testcase name="testComparePeople" classname="TestDataClasses" time="0.006"/>
  <testcase name="testListOfPeople" classname="TestDataClasses" time="0.011"/>
  <system-out><![CDATA[]]></system-out>
  <system-err><![CDATA[]]></system-err>
</testsuite>
