<?xml version="1.0" encoding="UTF-8"?>
<testsuite name="Test" tests="1" skipped="0" failures="0" errors="0" timestamp="2023-01-30T10:13:48" hostname="iMacs-iMac.local" time="0.12">
  <properties/>
  <testcase name="testSolution" classname="Test" time="0.12"/>
  <system-out><![CDATA[]]></system-out>
  <system-err><![CDATA[]]></system-err>
</testsuite>
